Compiling the C compiler identification source file "CMakeCCompilerId.c" failed.
Compiler: /usr/bin/cc 
Build flags: 
Id flags:  

The output was:
1
/usr/bin/ld: final link failed: Operation not supported
collect2: error: ld returned 1 exit status


Compiling the C compiler identification source file "CMakeCCompilerId.c" failed.
Compiler: /usr/bin/cc 
Build flags: 
Id flags: -c 

The output was:
1
/tmp/cctzj3Sr.s: Assembler messages:
/tmp/cctzj3Sr.s: Fatal error: can't write 19 bytes to section .rodata of CMakeCCompilerId.o: 'Operation not supported'
/tmp/cctzj3Sr.s: Fatal error: CMakeCCompilerId.o: Operation not supported


Compiling the C compiler identification source file "CMakeCCompilerId.c" failed.
Compiler: /usr/bin/cc 
Build flags: 
Id flags: -Aa 

The output was:
1
<command-line>: error: missing '(' after predicate


Compiling the C compiler identification source file "CMakeCCompilerId.c" failed.
Compiler: /usr/bin/cc 
Build flags: 
Id flags: -D__CLASSIC_C__ 

The output was:
1
/usr/bin/ld: final link failed: Operation not supported
collect2: error: ld returned 1 exit status


Compiling the C compiler identification source file "CMakeCCompilerId.c" failed.
Compiler: /usr/bin/cc 
Build flags: 
Id flags: --target=arm-arm-none-eabi;-mcpu=cortex-m3 

The output was:
1
cc: warning: ‘-mcpu=’ is deprecated; use ‘-mtune=’ or ‘-march=’ instead
cc: error: unrecognized command-line option ‘--target=arm-arm-none-eabi’


Compiling the C compiler identification source file "CMakeCCompilerId.c" failed.
Compiler: /usr/bin/cc 
Build flags: 
Id flags: -c;-I__does_not_exist__ 

The output was:
1
/tmp/cctEu7D5.s: Assembler messages:
/tmp/cctEu7D5.s: Fatal error: can't write 19 bytes to section .rodata of CMakeCCompilerId.o: 'Operation not supported'
/tmp/cctEu7D5.s: Fatal error: CMakeCCompilerId.o: Operation not supported


Compiling the C compiler identification source file "CMakeCCompilerId.c" failed.
Compiler: /usr/bin/cc 
Build flags: 
Id flags:  

The output was:
1
/usr/bin/ld: final link failed: Operation not supported
collect2: error: ld returned 1 exit status


Compiling the C compiler identification source file "CMakeCCompilerId.c" failed.
Compiler: /usr/bin/cc 
Build flags: 
Id flags: -c 

The output was:
1
/tmp/ccUKF7QG.s: Assembler messages:
/tmp/ccUKF7QG.s: Fatal error: can't write 19 bytes to section .rodata of CMakeCCompilerId.o: 'Operation not supported'
/tmp/ccUKF7QG.s: Fatal error: CMakeCCompilerId.o: Operation not supported


Compiling the C compiler identification source file "CMakeCCompilerId.c" failed.
Compiler: /usr/bin/cc 
Build flags: 
Id flags: -Aa 

The output was:
1
<command-line>: error: missing '(' after predicate


Compiling the C compiler identification source file "CMakeCCompilerId.c" failed.
Compiler: /usr/bin/cc 
Build flags: 
Id flags: -D__CLASSIC_C__ 

The output was:
1
/usr/bin/ld: final link failed: Operation not supported
collect2: error: ld returned 1 exit status


Compiling the C compiler identification source file "CMakeCCompilerId.c" failed.
Compiler: /usr/bin/cc 
Build flags: 
Id flags: --target=arm-arm-none-eabi;-mcpu=cortex-m3 

The output was:
1
cc: warning: ‘-mcpu=’ is deprecated; use ‘-mtune=’ or ‘-march=’ instead
cc: error: unrecognized command-line option ‘--target=arm-arm-none-eabi’


Compiling the C compiler identification source file "CMakeCCompilerId.c" failed.
Compiler: /usr/bin/cc 
Build flags: 
Id flags: -c;-I__does_not_exist__ 

The output was:
1
/tmp/cciLLsRW.s: Assembler messages:
/tmp/cciLLsRW.s: Fatal error: can't write 19 bytes to section .rodata of CMakeCCompilerId.o: 'Operation not supported'
/tmp/cciLLsRW.s: Fatal error: CMakeCCompilerId.o: Operation not supported


Checking whether the C compiler is IAR using "" did not match "IAR .+ Compiler":
cc: fatal error: no input files
compilation terminated.
Checking whether the C compiler is IAR using "" did not match "IAR .+ Compiler":
cc: fatal error: no input files
compilation terminated.
Compiling the CXX compiler identification source file "CMakeCXXCompilerId.cpp" failed.
Compiler: /usr/bin/c++ 
Build flags: 
Id flags:  

The output was:
1
/usr/bin/ld: final link failed: Operation not supported
collect2: error: ld returned 1 exit status


Compiling the CXX compiler identification source file "CMakeCXXCompilerId.cpp" failed.
Compiler: /usr/bin/c++ 
Build flags: 
Id flags: -c 

The output was:
1
/tmp/cc7ut247.s: Assembler messages:
/tmp/cc7ut247.s: Fatal error: can't write 19 bytes to section .rodata of CMakeCXXCompilerId.o: 'Operation not supported'
/tmp/cc7ut247.s: Fatal error: CMakeCXXCompilerId.o: Operation not supported


Compiling the CXX compiler identification source file "CMakeCXXCompilerId.cpp" failed.
Compiler: /usr/bin/c++ 
Build flags: 
Id flags: --c++ 

The output was:
1
c++: error: unrecognized command-line option ‘--c++’


Compiling the CXX compiler identification source file "CMakeCXXCompilerId.cpp" failed.
Compiler: /usr/bin/c++ 
Build flags: 
Id flags: --ec++ 

The output was:
1
c++: error: unrecognized command-line option ‘--ec++’; did you mean ‘-Weffc++’?


Compiling the CXX compiler identification source file "CMakeCXXCompilerId.cpp" failed.
Compiler: /usr/bin/c++ 
Build flags: 
Id flags: --target=arm-arm-none-eabi;-mcpu=cortex-m3 

The output was:
1
c++: warning: ‘-mcpu=’ is deprecated; use ‘-mtune=’ or ‘-march=’ instead
c++: error: unrecognized command-line option ‘--target=arm-arm-none-eabi’


Compiling the C compiler identification source file "CMakeCCompilerId.c" failed.
Compiler: /usr/bin/cc 
Build flags: 
Id flags:  

The output was:
1
/usr/bin/ld: final link failed: Operation not supported
collect2: error: ld returned 1 exit status


Compiling the C compiler identification source file "CMakeCCompilerId.c" failed.
Compiler: /usr/bin/cc 
Build flags: 
Id flags: -c 

The output was:
1
/tmp/ccnjxTpf.s: Assembler messages:
/tmp/ccnjxTpf.s: Fatal error: can't write 19 bytes to section .rodata of CMakeCCompilerId.o: 'Operation not supported'
/tmp/ccnjxTpf.s: Fatal error: CMakeCCompilerId.o: Operation not supported


Compiling the C compiler identification source file "CMakeCCompilerId.c" failed.
Compiler: /usr/bin/cc 
Build flags: 
Id flags: -Aa 

The output was:
1
<command-line>: error: missing '(' after predicate


Compiling the C compiler identification source file "CMakeCCompilerId.c" failed.
Compiler: /usr/bin/cc 
Build flags: 
Id flags: -D__CLASSIC_C__ 

The output was:
1
/usr/bin/ld: final link failed: Operation not supported
collect2: error: ld returned 1 exit status


Compiling the C compiler identification source file "CMakeCCompilerId.c" failed.
Compiler: /usr/bin/cc 
Build flags: 
Id flags: --target=arm-arm-none-eabi;-mcpu=cortex-m3 

The output was:
1
cc: warning: ‘-mcpu=’ is deprecated; use ‘-mtune=’ or ‘-march=’ instead
cc: error: unrecognized command-line option ‘--target=arm-arm-none-eabi’


Compiling the C compiler identification source file "CMakeCCompilerId.c" failed.
Compiler: /usr/bin/cc 
Build flags: 
Id flags: -c;-I__does_not_exist__ 

The output was:
1
/tmp/ccPot3qe.s: Assembler messages:
/tmp/ccPot3qe.s: Fatal error: can't write 19 bytes to section .rodata of CMakeCCompilerId.o: 'Operation not supported'
/tmp/ccPot3qe.s: Fatal error: CMakeCCompilerId.o: Operation not supported


Compiling the C compiler identification source file "CMakeCCompilerId.c" failed.
Compiler: /usr/bin/cc 
Build flags: 
Id flags:  

The output was:
1
/usr/bin/ld: final link failed: Operation not supported
collect2: error: ld returned 1 exit status


Compiling the C compiler identification source file "CMakeCCompilerId.c" failed.
Compiler: /usr/bin/cc 
Build flags: 
Id flags: -c 

The output was:
1
/tmp/ccL3Vzd0.s: Assembler messages:
/tmp/ccL3Vzd0.s: Fatal error: can't write 19 bytes to section .rodata of CMakeCCompilerId.o: 'Operation not supported'
/tmp/ccL3Vzd0.s: Fatal error: CMakeCCompilerId.o: Operation not supported


Compiling the C compiler identification source file "CMakeCCompilerId.c" failed.
Compiler: /usr/bin/cc 
Build flags: 
Id flags: -Aa 

The output was:
1
<command-line>: error: missing '(' after predicate


Compiling the C compiler identification source file "CMakeCCompilerId.c" failed.
Compiler: /usr/bin/cc 
Build flags: 
Id flags: -D__CLASSIC_C__ 

The output was:
1
/usr/bin/ld: final link failed: Operation not supported
collect2: error: ld returned 1 exit status


Compiling the C compiler identification source file "CMakeCCompilerId.c" failed.
Compiler: /usr/bin/cc 
Build flags: 
Id flags: --target=arm-arm-none-eabi;-mcpu=cortex-m3 

The output was:
1
cc: warning: ‘-mcpu=’ is deprecated; use ‘-mtune=’ or ‘-march=’ instead
cc: error: unrecognized command-line option ‘--target=arm-arm-none-eabi’


Compiling the C compiler identification source file "CMakeCCompilerId.c" failed.
Compiler: /usr/bin/cc 
Build flags: 
Id flags: -c;-I__does_not_exist__ 

The output was:
1
/tmp/ccfa8AVG.s: Assembler messages:
/tmp/ccfa8AVG.s: Fatal error: can't write 19 bytes to section .rodata of CMakeCCompilerId.o: 'Operation not supported'
/tmp/ccfa8AVG.s: Fatal error: CMakeCCompilerId.o: Operation not supported


Checking whether the C compiler is IAR using "" did not match "IAR .+ Compiler":
cc: fatal error: no input files
compilation terminated.
Checking whether the C compiler is IAR using "" did not match "IAR .+ Compiler":
cc: fatal error: no input files
compilation terminated.
Compiling the CXX compiler identification source file "CMakeCXXCompilerId.cpp" failed.
Compiler: /usr/bin/c++ 
Build flags: 
Id flags:  

The output was:
1
/usr/bin/ld: final link failed: Operation not supported
collect2: error: ld returned 1 exit status


Compiling the CXX compiler identification source file "CMakeCXXCompilerId.cpp" failed.
Compiler: /usr/bin/c++ 
Build flags: 
Id flags: -c 

The output was:
1
/tmp/cccO6hPc.s: Assembler messages:
/tmp/cccO6hPc.s: Fatal error: can't write 19 bytes to section .rodata of CMakeCXXCompilerId.o: 'Operation not supported'
/tmp/cccO6hPc.s: Fatal error: CMakeCXXCompilerId.o: Operation not supported


Compiling the CXX compiler identification source file "CMakeCXXCompilerId.cpp" failed.
Compiler: /usr/bin/c++ 
Build flags: 
Id flags: --c++ 

The output was:
1
c++: error: unrecognized command-line option ‘--c++’


Compiling the CXX compiler identification source file "CMakeCXXCompilerId.cpp" failed.
Compiler: /usr/bin/c++ 
Build flags: 
Id flags: --ec++ 

The output was:
1
c++: error: unrecognized command-line option ‘--ec++’; did you mean ‘-Weffc++’?


Compiling the CXX compiler identification source file "CMakeCXXCompilerId.cpp" failed.
Compiler: /usr/bin/c++ 
Build flags: 
Id flags: --target=arm-arm-none-eabi;-mcpu=cortex-m3 

The output was:
1
c++: warning: ‘-mcpu=’ is deprecated; use ‘-mtune=’ or ‘-march=’ instead
c++: error: unrecognized command-line option ‘--target=arm-arm-none-eabi’


Compiling the CXX compiler identification source file "CMakeCXXCompilerId.cpp" failed.
Compiler: /usr/bin/c++ 
Build flags: 
Id flags: -c;-I__does_not_exist__ 

The output was:
1
/tmp/ccCYjNTa.s: Assembler messages:
/tmp/ccCYjNTa.s: Fatal error: can't write 19 bytes to section .rodata of CMakeCXXCompilerId.o: 'Operation not supported'
/tmp/ccCYjNTa.s: Fatal error: CMakeCXXCompilerId.o: Operation not supported


Compiling the CXX compiler identification source file "CMakeCXXCompilerId.cpp" failed.
Compiler: /usr/bin/c++ 
Build flags: 
Id flags:  

The output was:
1
/usr/bin/ld: final link failed: Operation not supported
collect2: error: ld returned 1 exit status


Compiling the CXX compiler identification source file "CMakeCXXCompilerId.cpp" failed.
Compiler: /usr/bin/c++ 
Build flags: 
Id flags: -c 

The output was:
1
/tmp/ccufKRe2.s: Assembler messages:
/tmp/ccufKRe2.s: Fatal error: can't write 19 bytes to section .rodata of CMakeCXXCompilerId.o: 'Operation not supported'
/tmp/ccufKRe2.s: Fatal error: CMakeCXXCompilerId.o: Operation not supported


Compiling the CXX compiler identification source file "CMakeCXXCompilerId.cpp" failed.
Compiler: /usr/bin/c++ 
Build flags: 
Id flags: --c++ 

The output was:
1
c++: error: unrecognized command-line option ‘--c++’


Compiling the CXX compiler identification source file "CMakeCXXCompilerId.cpp" failed.
Compiler: /usr/bin/c++ 
Build flags: 
Id flags: --ec++ 

The output was:
1
c++: error: unrecognized command-line option ‘--ec++’; did you mean ‘-Weffc++’?


Compiling the CXX compiler identification source file "CMakeCXXCompilerId.cpp" failed.
Compiler: /usr/bin/c++ 
Build flags: 
Id flags: --target=arm-arm-none-eabi;-mcpu=cortex-m3 

The output was:
1
c++: warning: ‘-mcpu=’ is deprecated; use ‘-mtune=’ or ‘-march=’ instead
c++: error: unrecognized command-line option ‘--target=arm-arm-none-eabi’


Compiling the CXX compiler identification source file "CMakeCXXCompilerId.cpp" failed.
Compiler: /usr/bin/c++ 
Build flags: 
Id flags: -c;-I__does_not_exist__ 

The output was:
1
/tmp/cc0ESKSH.s: Assembler messages:
/tmp/cc0ESKSH.s: Fatal error: can't write 19 bytes to section .rodata of CMakeCXXCompilerId.o: 'Operation not supported'
/tmp/cc0ESKSH.s: Fatal error: CMakeCXXCompilerId.o: Operation not supported


Checking whether the CXX compiler is IAR using "" did not match "IAR .+ Compiler":
c++: fatal error: no input files
compilation terminated.
Checking whether the CXX compiler is IAR using "" did not match "IAR .+ Compiler":
c++: fatal error: no input files
compilation terminated.
Detecting C compiler ABI info failed to compile with the following output:
Change Dir: /run/user/1000/gvfs/smb-share:server=192.168.1.123,share=synology_main_volume/Synology_Main/Development/otiq/build/CMakeFiles/CMakeTmp

Run Build Command(s):/usr/bin/gmake -f Makefile cmTC_5c1d0/fast && /usr/bin/gmake  -f CMakeFiles/cmTC_5c1d0.dir/build.make CMakeFiles/cmTC_5c1d0.dir/build
gmake[1]: Entering directory '/run/user/1000/gvfs/smb-share:server=192.168.1.123,share=synology_main_volume/Synology_Main/Development/otiq/build/CMakeFiles/CMakeTmp'
Building C object CMakeFiles/cmTC_5c1d0.dir/CMakeCCompilerABI.c.o
/usr/bin/cc    -o CMakeFiles/cmTC_5c1d0.dir/CMakeCCompilerABI.c.o -c /usr/share/cmake-3.22/Modules/CMakeCCompilerABI.c
/tmp/ccia6ElR.s: Assembler messages:
/tmp/ccia6ElR.s: Fatal error: can't write 21 bytes to section .rodata of CMakeFiles/cmTC_5c1d0.dir/CMakeCCompilerABI.c.o: 'Operation not supported'
/tmp/ccia6ElR.s: Fatal error: CMakeFiles/cmTC_5c1d0.dir/CMakeCCompilerABI.c.o: Operation not supported
gmake[1]: *** [CMakeFiles/cmTC_5c1d0.dir/build.make:78: CMakeFiles/cmTC_5c1d0.dir/CMakeCCompilerABI.c.o] Error 1
gmake[1]: Leaving directory '/run/user/1000/gvfs/smb-share:server=192.168.1.123,share=synology_main_volume/Synology_Main/Development/otiq/build/CMakeFiles/CMakeTmp'
gmake: *** [Makefile:127: cmTC_5c1d0/fast] Error 2




Determining if the C compiler works failed with the following output:
Change Dir: /run/user/1000/gvfs/smb-share:server=192.168.1.123,share=synology_main_volume/Synology_Main/Development/otiq/build/CMakeFiles/CMakeTmp

Run Build Command(s):/usr/bin/gmake -f Makefile cmTC_7ec84/fast && /usr/bin/gmake  -f CMakeFiles/cmTC_7ec84.dir/build.make CMakeFiles/cmTC_7ec84.dir/build
gmake[1]: Entering directory '/run/user/1000/gvfs/smb-share:server=192.168.1.123,share=synology_main_volume/Synology_Main/Development/otiq/build/CMakeFiles/CMakeTmp'
Building C object CMakeFiles/cmTC_7ec84.dir/testCCompiler.c.o
/usr/bin/cc    -o CMakeFiles/cmTC_7ec84.dir/testCCompiler.c.o -c /run/user/1000/gvfs/smb-share:server=192.168.1.123,share=synology_main_volume/Synology_Main/Development/otiq/build/CMakeFiles/CMakeTmp/testCCompiler.c
/tmp/ccgGFoMP.s: Assembler messages:
/tmp/ccgGFoMP.s: Fatal error: can't write 16 bytes to section .note.gnu.property of CMakeFiles/cmTC_7ec84.dir/testCCompiler.c.o: 'Operation not supported'
/tmp/ccgGFoMP.s: Fatal error: CMakeFiles/cmTC_7ec84.dir/testCCompiler.c.o: Operation not supported
gmake[1]: *** [CMakeFiles/cmTC_7ec84.dir/build.make:78: CMakeFiles/cmTC_7ec84.dir/testCCompiler.c.o] Error 1
gmake[1]: Leaving directory '/run/user/1000/gvfs/smb-share:server=192.168.1.123,share=synology_main_volume/Synology_Main/Development/otiq/build/CMakeFiles/CMakeTmp'
gmake: *** [Makefile:127: cmTC_7ec84/fast] Error 2



